<?xml version="1.0" encoding="UTF-8"?>
<testsuite xmlns:xsi="http://www.w3.org/2001/XMLSchema-instance" xsi:noNamespaceSchemaLocation="https://maven.apache.org/surefire/maven-surefire-plugin/xsd/surefire-test-report.xsd" version="3.0.2" name="temperatureConverterTest" time="0.045" tests="3" errors="0" skipped="0" failures="0">
  <properties>
[...]
</properties>
  <testcase name="isExtremeTemperature" classname="temperatureConverterTest" time="0.017"/>
  <testcase name="fahrenheitToCelsius" classname="temperatureConverterTest" time="0.002"/>
  <testcase name="celsiusToFahrenheit" classname="temperatureConverterTest" time="0.0"/>
</testsuite>